#
# There is insufficient memory for the Java Runtime Environment to continue.
# Native memory allocation (mmap) failed to map 100663296 bytes for G1 virtual space
# Possible reasons:
#   The system is out of physical RAM or swap space
#   The process is running with CompressedOops enabled, and the Java Heap may be blocking the growth of the native heap
# Possible solutions:
#   Reduce memory load on the system
#   Increase physical memory or swap space
#   Check if swap backing store is full
#   Decrease Java heap size (-Xmx/-Xms)
#   Decrease number of Java threads
#   Decrease Java thread stack sizes (-Xss)
#   Set larger code cache with -XX:ReservedCodeCacheSize=
#   JVM is running with Zero Based Compressed Oops mode in which the Java heap is
#     placed in the first 32GB address space. The Java Heap base address is the
#     maximum limit for the native heap growth. Please use -XX:HeapBaseMinAddress
#     to set the Java Heap base and to place the Java Heap above 32GB virtual address.
# This output file may be truncated or incomplete.
#
#  Out of Memory Error (os_windows.cpp:3769), pid=11188, tid=2020
#
# JRE version: OpenJDK Runtime Environment (17.0.6) (build 17.0.6+0-b2043.56-10027231)
# Java VM: OpenJDK 64-Bit Server VM (17.0.6+0-b2043.56-10027231, mixed mode, tiered, compressed oops, compressed class ptrs, g1 gc, windows-amd64)
# No core dump will be written. Minidumps are not enabled by default on client versions of Windows
#

---------------  S U M M A R Y ------------

Command Line: org.jetbrains.kotlin.cli.jvm.K2JVMCompiler @D:\Inzynierka\HoopStats\app\build\20240404_11718427664813313349.compiler.options

Host: Intel(R) Core(TM) i5-9300HF CPU @ 2.40GHz, 8 cores, 15G,  Windows 10 , 64 bit Build 19041 (10.0.19041.3636)
Time: Thu Apr  4 01:15:14 2024  Windows 10 , 64 bit Build 19041 (10.0.19041.3636) elapsed time: 8.700475 seconds (0d 0h 0m 8s)

---------------  T H R E A D  ---------------

Current thread (0x000001fa24077010):  VMThread "VM Thread" [stack: 0x000000a163f00000,0x000000a164000000] [id=2020]

Stack: [0x000000a163f00000,0x000000a164000000]
Native frames: (J=compiled Java code, j=interpreted, Vv=VM code, C=native code)
V  [jvm.dll+0x683c9a]
V  [jvm.dll+0x8427a4]
V  [jvm.dll+0x843f9e]
V  [jvm.dll+0x844603]
V  [jvm.dll+0x249b75]
V  [jvm.dll+0x680b69]
V  [jvm.dll+0x67505a]
V  [jvm.dll+0x309acb]
V  [jvm.dll+0x310f86]
V  [jvm.dll+0x3608ee]
V  [jvm.dll+0x360b1f]
V  [jvm.dll+0x2dfbf8]
V  [jvm.dll+0x2ddec4]
V  [jvm.dll+0x2dd4cc]
V  [jvm.dll+0x321f3b]
V  [jvm.dll+0x848ccb]
V  [jvm.dll+0x849a04]
V  [jvm.dll+0x849f1d]
V  [jvm.dll+0x84a2f4]
V  [jvm.dll+0x84a3c0]
V  [jvm.dll+0x7f274a]
V  [jvm.dll+0x682ad5]
C  [ucrtbase.dll+0x21bb2]
C  [KERNEL32.DLL+0x17344]
C  [ntdll.dll+0x526b1]

VM_Operation (0x000000a1639fa840): G1CollectForAllocation, mode: safepoint, requested by thread 0x000001fa02d56550


---------------  P R O C E S S  ---------------

Threads class SMR info:
_java_thread_list=0x000001fa27e762d0, length=14, elements={
0x000001fa02d56550, 0x000001fa2405d650, 0x000001fa2405e3d0, 0x000001fa240a3a80,
0x000001fa240a5550, 0x000001fa240a7e20, 0x000001fa240c3520, 0x000001fa240c5860,
0x000001fa240c9500, 0x000001fa240ca610, 0x000001fa24250f70, 0x000001fa24253380,
0x000001fa240c7190, 0x000001fa240c6260
}

Java Threads: ( => current thread )
  0x000001fa02d56550 JavaThread "main" [_thread_blocked, id=13668, stack(0x000000a163900000,0x000000a163a00000)]
  0x000001fa2405d650 JavaThread "Reference Handler" daemon [_thread_blocked, id=5844, stack(0x000000a164000000,0x000000a164100000)]
  0x000001fa2405e3d0 JavaThread "Finalizer" daemon [_thread_blocked, id=7356, stack(0x000000a164100000,0x000000a164200000)]
  0x000001fa240a3a80 JavaThread "Signal Dispatcher" daemon [_thread_blocked, id=14988, stack(0x000000a164200000,0x000000a164300000)]
  0x000001fa240a5550 JavaThread "Attach Listener" daemon [_thread_blocked, id=444, stack(0x000000a164300000,0x000000a164400000)]
  0x000001fa240a7e20 JavaThread "Service Thread" daemon [_thread_blocked, id=5148, stack(0x000000a164400000,0x000000a164500000)]
  0x000001fa240c3520 JavaThread "Monitor Deflation Thread" daemon [_thread_blocked, id=10044, stack(0x000000a164500000,0x000000a164600000)]
  0x000001fa240c5860 JavaThread "C2 CompilerThread0" daemon [_thread_blocked, id=4372, stack(0x000000a164600000,0x000000a164700000)]
  0x000001fa240c9500 JavaThread "C1 CompilerThread0" daemon [_thread_blocked, id=14764, stack(0x000000a164700000,0x000000a164800000)]
  0x000001fa240ca610 JavaThread "Sweeper thread" daemon [_thread_blocked, id=13904, stack(0x000000a164800000,0x000000a164900000)]
  0x000001fa24250f70 JavaThread "Notification Thread" daemon [_thread_blocked, id=1500, stack(0x000000a164900000,0x000000a164a00000)]
  0x000001fa24253380 JavaThread "Common-Cleaner" daemon [_thread_blocked, id=12956, stack(0x000000a164b00000,0x000000a164c00000)]
  0x000001fa240c7190 JavaThread "C2 CompilerThread1" daemon [_thread_blocked, id=3048, stack(0x000000a164c00000,0x000000a164d00000)]
  0x000001fa240c6260 JavaThread "C2 CompilerThread2" daemon [_thread_blocked, id=7504, stack(0x000000a165200000,0x000000a165300000)]

Other Threads:
=>0x000001fa24077010 VMThread "VM Thread" [stack: 0x000000a163f00000,0x000000a164000000] [id=2020]
  0x000001fa02dd87f0 WatcherThread [stack: 0x000000a164a00000,0x000000a164b00000] [id=13824]
  0x000001fa02dbd7f0 GCTaskThread "GC Thread#0" [stack: 0x000000a163a00000,0x000000a163b00000] [id=15160]
  0x000001fa2488e750 GCTaskThread "GC Thread#1" [stack: 0x000000a164d00000,0x000000a164e00000] [id=12272]
  0x000001fa248cb370 GCTaskThread "GC Thread#2" [stack: 0x000000a164e00000,0x000000a164f00000] [id=6088]
  0x000001fa248d0880 GCTaskThread "GC Thread#3" [stack: 0x000000a164f00000,0x000000a165000000] [id=14908]
  0x000001fa248d0b30 GCTaskThread "GC Thread#4" [stack: 0x000000a165000000,0x000000a165100000] [id=2968]
  0x000001fa248fa840 GCTaskThread "GC Thread#5" [stack: 0x000000a165100000,0x000000a165200000] [id=3900]
  0x000001fa249bf0a0 GCTaskThread "GC Thread#6" [stack: 0x000000a165300000,0x000000a165400000] [id=2688]
  0x000001fa249c08d0 GCTaskThread "GC Thread#7" [stack: 0x000000a165400000,0x000000a165500000] [id=4608]
  0x000001fa02dd1540 ConcurrentGCThread "G1 Main Marker" [stack: 0x000000a163b00000,0x000000a163c00000] [id=4400]
  0x000001fa02dd1e60 ConcurrentGCThread "G1 Conc#0" [stack: 0x000000a163c00000,0x000000a163d00000] [id=15272]
  0x000001fa249bfe10 ConcurrentGCThread "G1 Conc#1" [stack: 0x000000a165500000,0x000000a165600000] [id=9920]
  0x000001fa233d55b0 ConcurrentGCThread "G1 Refine#0" [stack: 0x000000a163d00000,0x000000a163e00000] [id=3028]
  0x000001fa28891d00 ConcurrentGCThread "G1 Refine#1" [stack: 0x000000a165600000,0x000000a165700000] [id=12720]
  0x000001fa28891a20 ConcurrentGCThread "G1 Refine#2" [stack: 0x000000a165700000,0x000000a165800000] [id=6352]
  0x000001fa233d5ee0 ConcurrentGCThread "G1 Service" [stack: 0x000000a163e00000,0x000000a163f00000] [id=9356]

Threads with active compile tasks:
C1 CompilerThread0     8713 12868       3       org.jetbrains.kotlin.backend.jvm.mapping.IrTypeMapper::classInternalName (101 bytes)

VM state: at safepoint (normal execution)

VM Mutex/Monitor currently owned by a thread:  ([mutex/lock_event])
[0x000001fa02d44dc0] Threads_lock - owner thread: 0x000001fa24077010
[0x000001fa02d52420] Heap_lock - owner thread: 0x000001fa02d56550

Heap address: 0x0000000701200000, size: 4078 MB, Compressed Oops mode: Zero based, Oop shift amount: 3

CDS archive(s) not mapped
Compressed class space mapped at: 0x0000000800000000-0x0000000840000000, reserved size: 1073741824
Narrow klass base: 0x0000000800000000, Narrow klass shift: 0, Narrow klass range: 0x40000000

GC Precious Log:
 CPUs: 8 total, 8 available
 Memory: 16304M
 Large Page Support: Disabled
 NUMA Support: Disabled
 Compressed Oops: Enabled (Zero based)
 Heap Region Size: 2M
 Heap Min Capacity: 8M
 Heap Initial Capacity: 256M
 Heap Max Capacity: 4078M
 Pre-touch: Disabled
 Parallel Workers: 8
 Concurrent Workers: 2
 Concurrent Refinement Workers: 8
 Periodic GC: Disabled

Heap:
 garbage-first heap   total 126976K, used 71308K [0x0000000701200000, 0x0000000800000000)
  region size 2048K, 1 young (2048K), 1 survivors (2048K)
 Metaspace       used 86774K, committed 87104K, reserved 1130496K
  class space    used 9771K, committed 9920K, reserved 1048576K

Heap Regions: E=young(eden), S=young(survivor), O=old, HS=humongous(starts), HC=humongous(continues), CS=collection set, F=free, OA=open archive, CA=closed archive, TAMS=top-at-mark-start (previous, next)
|   0|0x0000000701200000, 0x0000000701400000, 0x0000000701400000|100%|HS|  |TAMS 0x0000000701400000, 0x0000000701200000| Complete 
|   1|0x0000000701400000, 0x0000000701600000, 0x0000000701600000|100%|HC|  |TAMS 0x0000000701600000, 0x0000000701400000| Complete 
|   2|0x0000000701600000, 0x0000000701800000, 0x0000000701800000|100%| O|  |TAMS 0x0000000701600000, 0x0000000701600000| Untracked 
|   3|0x0000000701800000, 0x0000000701a00000, 0x0000000701a00000|100%| O|  |TAMS 0x0000000701a00000, 0x0000000701800000| Untracked 
|   4|0x0000000701a00000, 0x0000000701a00000, 0x0000000701c00000|  0%| F|  |TAMS 0x0000000701a00000, 0x0000000701a00000| Untracked 
|   5|0x0000000701c00000, 0x0000000701e00000, 0x0000000701e00000|100%| O|  |TAMS 0x0000000701e00000, 0x0000000701c00000| Untracked 
|   6|0x0000000701e00000, 0x0000000702000000, 0x0000000702000000|100%| O|  |TAMS 0x0000000702000000, 0x0000000701e00000| Untracked 
|   7|0x0000000702000000, 0x0000000702200000, 0x0000000702200000|100%| O|  |TAMS 0x0000000702200000, 0x0000000702000000| Untracked 
|   8|0x0000000702200000, 0x0000000702400000, 0x0000000702400000|100%| O|  |TAMS 0x0000000702400000, 0x0000000702200000| Untracked 
|   9|0x0000000702400000, 0x0000000702600000, 0x0000000702600000|100%|HS|  |TAMS 0x0000000702600000, 0x0000000702400000| Complete 
|  10|0x0000000702600000, 0x0000000702800000, 0x0000000702800000|100%| O|  |TAMS 0x0000000702800000, 0x0000000702600000| Untracked 
|  11|0x0000000702800000, 0x0000000702a00000, 0x0000000702a00000|100%| O|  |TAMS 0x0000000702a00000, 0x0000000702800000| Untracked 
|  12|0x0000000702a00000, 0x0000000702c00000, 0x0000000702c00000|100%| O|  |TAMS 0x0000000702c00000, 0x0000000702a00000| Untracked 
|  13|0x0000000702c00000, 0x0000000702e00000, 0x0000000702e00000|100%| O|  |TAMS 0x0000000702e00000, 0x0000000702c00000| Untracked 
|  14|0x0000000702e00000, 0x0000000703000000, 0x0000000703000000|100%| O|  |TAMS 0x0000000703000000, 0x0000000702e00000| Untracked 
|  15|0x0000000703000000, 0x0000000703200000, 0x0000000703200000|100%| O|  |TAMS 0x0000000703200000, 0x0000000703000000| Untracked 
|  16|0x0000000703200000, 0x0000000703400000, 0x0000000703400000|100%| O|  |TAMS 0x0000000703400000, 0x0000000703200000| Untracked 
|  17|0x0000000703400000, 0x0000000703600000, 0x0000000703600000|100%| O|  |TAMS 0x0000000703600000, 0x0000000703400000| Untracked 
|  18|0x0000000703600000, 0x0000000703800000, 0x0000000703800000|100%| O|  |TAMS 0x0000000703800000, 0x0000000703600000| Untracked 
|  19|0x0000000703800000, 0x0000000703a00000, 0x0000000703a00000|100%| O|  |TAMS 0x0000000703a00000, 0x0000000703800000| Untracked 
|  20|0x0000000703a00000, 0x0000000703c00000, 0x0000000703c00000|100%| O|  |TAMS 0x0000000703c00000, 0x0000000703a00000| Untracked 
|  21|0x0000000703c00000, 0x0000000703e00000, 0x0000000703e00000|100%| O|  |TAMS 0x0000000703e00000, 0x0000000703c00000| Untracked 
|  22|0x0000000703e00000, 0x0000000704000000, 0x0000000704000000|100%| O|  |TAMS 0x0000000704000000, 0x0000000703e00000| Untracked 
|  23|0x0000000704000000, 0x0000000704200000, 0x0000000704200000|100%| O|  |TAMS 0x0000000704200000, 0x0000000704000000| Untracked 
|  24|0x0000000704200000, 0x0000000704400000, 0x0000000704400000|100%| O|  |TAMS 0x0000000704400000, 0x0000000704200000| Untracked 
|  25|0x0000000704400000, 0x0000000704600000, 0x0000000704600000|100%| O|  |TAMS 0x0000000704600000, 0x0000000704400000| Untracked 
|  26|0x0000000704600000, 0x0000000704800000, 0x0000000704800000|100%| O|  |TAMS 0x0000000704800000, 0x0000000704600000| Untracked 
|  27|0x0000000704800000, 0x0000000704a00000, 0x0000000704a00000|100%| O|  |TAMS 0x0000000704a00000, 0x0000000704800000| Untracked 
|  28|0x0000000704a00000, 0x0000000704c00000, 0x0000000704c00000|100%| O|  |TAMS 0x0000000704c00000, 0x0000000704a00000| Untracked 
|  29|0x0000000704c00000, 0x0000000704e00000, 0x0000000704e00000|100%| O|  |TAMS 0x0000000704e00000, 0x0000000704c00000| Untracked 
|  30|0x0000000704e00000, 0x0000000705000000, 0x0000000705000000|100%| O|  |TAMS 0x0000000705000000, 0x0000000704e00000| Untracked 
|  31|0x0000000705000000, 0x0000000705200000, 0x0000000705200000|100%| O|  |TAMS 0x0000000705200000, 0x0000000705000000| Untracked 
|  32|0x0000000705200000, 0x0000000705400000, 0x0000000705400000|100%| O|  |TAMS 0x0000000705400000, 0x0000000705200000| Untracked 
|  33|0x0000000705400000, 0x0000000705600000, 0x0000000705600000|100%| O|  |TAMS 0x000000070547c600, 0x0000000705400000| Untracked 
|  34|0x0000000705600000, 0x0000000705800000, 0x0000000705800000|100%| O|  |TAMS 0x0000000705600000, 0x0000000705600000| Untracked 
|  35|0x0000000705800000, 0x00000007058a0800, 0x0000000705a00000| 31%| O|  |TAMS 0x0000000705800000, 0x0000000705800000| Untracked 
|  36|0x0000000705a00000, 0x0000000705a00000, 0x0000000705c00000|  0%| F|  |TAMS 0x0000000705a00000, 0x0000000705a00000| Untracked 
|  37|0x0000000705c00000, 0x0000000705c00000, 0x0000000705e00000|  0%| F|  |TAMS 0x0000000705c00000, 0x0000000705c00000| Untracked 
|  38|0x0000000705e00000, 0x0000000705e00000, 0x0000000706000000|  0%| F|  |TAMS 0x0000000705e00000, 0x0000000705e00000| Untracked 
|  39|0x0000000706000000, 0x0000000706000000, 0x0000000706200000|  0%| F|  |TAMS 0x0000000706000000, 0x0000000706000000| Untracked 
|  40|0x0000000706200000, 0x0000000706200000, 0x0000000706400000|  0%| F|  |TAMS 0x0000000706200000, 0x0000000706200000| Untracked 
|  41|0x0000000706400000, 0x0000000706400000, 0x0000000706600000|  0%| F|  |TAMS 0x0000000706400000, 0x0000000706400000| Untracked 
|  42|0x0000000706600000, 0x0000000706600000, 0x0000000706800000|  0%| F|  |TAMS 0x0000000706600000, 0x0000000706600000| Untracked 
|  43|0x0000000706800000, 0x0000000706800000, 0x0000000706a00000|  0%| F|  |TAMS 0x0000000706800000, 0x0000000706800000| Untracked 
|  44|0x0000000706a00000, 0x0000000706a00000, 0x0000000706c00000|  0%| F|  |TAMS 0x0000000706a00000, 0x0000000706a00000| Untracked 
|  45|0x0000000706c00000, 0x0000000706c00000, 0x0000000706e00000|  0%| F|  |TAMS 0x0000000706c00000, 0x0000000706c00000| Untracked 
|  46|0x0000000706e00000, 0x0000000706e00000, 0x0000000707000000|  0%| F|  |TAMS 0x0000000706e00000, 0x0000000706e00000| Untracked 
|  47|0x0000000707000000, 0x0000000707000000, 0x0000000707200000|  0%| F|  |TAMS 0x0000000707000000, 0x0000000707000000| Untracked 
|  48|0x0000000707200000, 0x0000000707200000, 0x0000000707400000|  0%| F|  |TAMS 0x0000000707200000, 0x0000000707200000| Untracked 
|  49|0x0000000707400000, 0x0000000707400000, 0x0000000707600000|  0%| F|  |TAMS 0x0000000707400000, 0x0000000707400000| Untracked 
|  50|0x0000000707600000, 0x0000000707600000, 0x0000000707800000|  0%| F|  |TAMS 0x0000000707600000, 0x0000000707600000| Untracked 
|  51|0x0000000707800000, 0x0000000707800000, 0x0000000707a00000|  0%| F|  |TAMS 0x0000000707800000, 0x0000000707800000| Untracked 
|  52|0x0000000707a00000, 0x0000000707a00000, 0x0000000707c00000|  0%| F|  |TAMS 0x0000000707a00000, 0x0000000707a00000| Untracked 
|  53|0x0000000707c00000, 0x0000000707c00000, 0x0000000707e00000|  0%| F|  |TAMS 0x0000000707c00000, 0x0000000707c00000| Untracked 
|  54|0x0000000707e00000, 0x0000000707e00000, 0x0000000708000000|  0%| F|  |TAMS 0x0000000707e00000, 0x0000000707e00000| Untracked 
|  55|0x0000000708000000, 0x0000000708000000, 0x0000000708200000|  0%| F|  |TAMS 0x0000000708000000, 0x0000000708000000| Untracked 
|  56|0x0000000708200000, 0x0000000708200000, 0x0000000708400000|  0%| F|  |TAMS 0x0000000708200000, 0x0000000708200000| Untracked 
|  57|0x0000000708400000, 0x0000000708400000, 0x0000000708600000|  0%| F|  |TAMS 0x0000000708400000, 0x0000000708400000| Untracked 
|  58|0x0000000708600000, 0x0000000708600000, 0x0000000708800000|  0%| F|  |TAMS 0x0000000708600000, 0x0000000708600000| Untracked 
|  59|0x0000000708800000, 0x0000000708902af8, 0x0000000708a00000| 50%| S|CS|TAMS 0x0000000708800000, 0x0000000708800000| Complete 
| 108|0x000000070ea00000, 0x000000070ea00000, 0x000000070ec00000|  0%| F|  |TAMS 0x000000070ea00000, 0x000000070ea00000| Untracked 
| 127|0x0000000711000000, 0x0000000711000000, 0x0000000711200000|  0%| F|  |TAMS 0x0000000711000000, 0x0000000711000000| Untracked 

Card table byte_map: [0x000001fa17c90000,0x000001fa18490000] _byte_map_base: 0x000001fa14487000

Marking Bits (Prev, Next): (CMBitMap*) 0x000001fa02dbfd70, (CMBitMap*) 0x000001fa02dbfd30
 Prev Bits: [0x000001fa1cc50000, 0x000001fa20c08000)
 Next Bits: [0x000001fa18c90000, 0x000001fa1cc48000)

Polling page: 0x000001fa02bd0000

Metaspace:

Usage:
  Non-class:     75.20 MB used.
      Class:      9.54 MB used.
       Both:     84.74 MB used.

Virtual space:
  Non-class space:       80.00 MB reserved,      75.38 MB ( 94%) committed,  10 nodes.
      Class space:        1.00 GB reserved,       9.69 MB ( <1%) committed,  1 nodes.
             Both:        1.08 GB reserved,      85.06 MB (  8%) committed. 

Chunk freelists:
   Non-Class:  3.86 MB
       Class:  2.33 MB
        Both:  6.19 MB

MaxMetaspaceSize: unlimited
CompressedClassSpaceSize: 1.00 GB
Initial GC threshold: 21.00 MB
Current GC threshold: 135.25 MB
CDS: off
MetaspaceReclaimPolicy: balanced
 - commit_granule_bytes: 65536.
 - commit_granule_words: 8192.
 - virtual_space_node_default_size: 1048576.
 - enlarge_chunks_in_place: 1.
 - new_chunks_are_fully_committed: 0.
 - uncommit_free_chunks: 1.
 - use_allocation_guard: 0.
 - handle_deallocations: 1.


Internal statistics:

num_allocs_failed_limit: 9.
num_arena_births: 328.
num_arena_deaths: 0.
num_vsnodes_births: 11.
num_vsnodes_deaths: 0.
num_space_committed: 1359.
num_space_uncommitted: 0.
num_chunks_returned_to_freelist: 9.
num_chunks_taken_from_freelist: 3059.
num_chunk_merges: 9.
num_chunk_splits: 2594.
num_chunks_enlarged: 2350.
num_purges: 0.
num_inconsistent_stats: 0.

CodeHeap 'non-profiled nmethods': size=120000Kb used=6268Kb max_used=6268Kb free=113732Kb
 bounds [0x000001fa0f500000, 0x000001fa0fb20000, 0x000001fa16a30000]
CodeHeap 'profiled nmethods': size=120000Kb used=32765Kb max_used=32765Kb free=87234Kb
 bounds [0x000001fa07a30000, 0x000001fa09a40000, 0x000001fa0ef60000]
CodeHeap 'non-nmethods': size=5760Kb used=1410Kb max_used=1488Kb free=4349Kb
 bounds [0x000001fa0ef60000, 0x000001fa0f1d0000, 0x000001fa0f500000]
 total_blobs=11801 nmethods=11061 adapters=648
 compilation: enabled
              stopped_count=0, restarted_count=0
 full_count=0

Compilation events (20 events):
Event: 8.682 Thread 0x000001fa240c9500 nmethod 12858 0x000001fa09a23b10 code [0x000001fa09a24220, 0x000001fa09a27ca8]
Event: 8.682 Thread 0x000001fa240c9500 12859       3       kotlin.text.StringsKt__StringsKt::indexOf (57 bytes)
Event: 8.683 Thread 0x000001fa240c9500 nmethod 12859 0x000001fa09a28f10 code [0x000001fa09a291e0, 0x000001fa09a2a068]
Event: 8.683 Thread 0x000001fa240c9500 12860       3       org.jetbrains.kotlin.codegen.signature.JvmSignatureWriter::makeJvmMethodSignature (118 bytes)
Event: 8.683 Thread 0x000001fa240c9500 nmethod 12860 0x000001fa09a2a510 code [0x000001fa09a2a820, 0x000001fa09a2bea8]
Event: 8.683 Thread 0x000001fa240c9500 12861       3       org.jetbrains.kotlin.utils.SmartIdentityTable::get (91 bytes)
Event: 8.684 Thread 0x000001fa240c9500 nmethod 12861 0x000001fa09a2c590 code [0x000001fa09a2c860, 0x000001fa09a2d7a8]
Event: 8.684 Thread 0x000001fa240c9500 12862       3       org.jetbrains.kotlin.codegen.optimization.ConstantConditionEliminationMethodTransformer::isIntJump (68 bytes)
Event: 8.684 Thread 0x000001fa240c9500 nmethod 12862 0x000001fa09a2dd10 code [0x000001fa09a2dec0, 0x000001fa09a2e2f8]
Event: 8.684 Thread 0x000001fa240c9500 12865       3       org.jetbrains.org.objectweb.asm.SymbolTable::get (13 bytes)
Event: 8.684 Thread 0x000001fa240c9500 nmethod 12865 0x000001fa09a2e410 code [0x000001fa09a2e5a0, 0x000001fa09a2e6f8]
Event: 8.684 Thread 0x000001fa240c9500 12867       3       org.jetbrains.kotlin.codegen.signature.JvmSignatureWriter::writeAsmType (73 bytes)
Event: 8.684 Thread 0x000001fa240c9500 nmethod 12867 0x000001fa09a2e810 code [0x000001fa09a2ea40, 0x000001fa09a2f178]
Event: 8.684 Thread 0x000001fa240c9500 12864       3       org.jetbrains.org.objectweb.asm.SymbolTable::hash (10 bytes)
Event: 8.684 Thread 0x000001fa240c9500 nmethod 12864 0x000001fa09a2f310 code [0x000001fa09a2f4a0, 0x000001fa09a2f5c8]
Event: 8.684 Thread 0x000001fa240c9500 12866       3       org.jetbrains.org.objectweb.asm.Symbol::<init> (38 bytes)
Event: 8.685 Thread 0x000001fa240c9500 nmethod 12866 0x000001fa09a2f690 code [0x000001fa09a2f840, 0x000001fa09a2faf8]
Event: 8.685 Thread 0x000001fa240c9500 12863       3       org.jetbrains.org.objectweb.asm.tree.LabelNode::accept (9 bytes)
Event: 8.685 Thread 0x000001fa240c9500 nmethod 12863 0x000001fa09a2fc10 code [0x000001fa09a2fde0, 0x000001fa09a30208]
Event: 8.685 Thread 0x000001fa240c9500 12868       3       org.jetbrains.kotlin.backend.jvm.mapping.IrTypeMapper::classInternalName (101 bytes)

GC Heap History (20 events):
Event: 4.543 GC heap after
{Heap after GC invocations=18 (full 0):
 garbage-first heap   total 92160K, used 49102K [0x0000000701200000, 0x0000000800000000)
  region size 2048K, 2 young (4096K), 2 survivors (4096K)
 Metaspace       used 61470K, committed 61696K, reserved 1105920K
  class space    used 7415K, committed 7488K, reserved 1048576K
}
Event: 4.981 GC heap before
{Heap before GC invocations=18 (full 0):
 garbage-first heap   total 92160K, used 69582K [0x0000000701200000, 0x0000000800000000)
  region size 2048K, 12 young (24576K), 2 survivors (4096K)
 Metaspace       used 62851K, committed 63168K, reserved 1105920K
  class space    used 7521K, committed 7680K, reserved 1048576K
}
Event: 4.994 GC heap after
{Heap after GC invocations=19 (full 0):
 garbage-first heap   total 92160K, used 52547K [0x0000000701200000, 0x0000000800000000)
  region size 2048K, 2 young (4096K), 2 survivors (4096K)
 Metaspace       used 62851K, committed 63168K, reserved 1105920K
  class space    used 7521K, committed 7680K, reserved 1048576K
}
Event: 5.684 GC heap before
{Heap before GC invocations=20 (full 0):
 garbage-first heap   total 96256K, used 68931K [0x0000000701200000, 0x0000000800000000)
  region size 2048K, 10 young (20480K), 2 survivors (4096K)
 Metaspace       used 64028K, committed 64384K, reserved 1105920K
  class space    used 7581K, committed 7744K, reserved 1048576K
}
Event: 5.692 GC heap after
{Heap after GC invocations=21 (full 0):
 garbage-first heap   total 96256K, used 54893K [0x0000000701200000, 0x0000000800000000)
  region size 2048K, 2 young (4096K), 2 survivors (4096K)
 Metaspace       used 64028K, committed 64384K, reserved 1105920K
  class space    used 7581K, committed 7744K, reserved 1048576K
}
Event: 6.201 GC heap before
{Heap before GC invocations=21 (full 0):
 garbage-first heap   total 96256K, used 73325K [0x0000000701200000, 0x0000000800000000)
  region size 2048K, 11 young (22528K), 2 survivors (4096K)
 Metaspace       used 65060K, committed 65344K, reserved 1114112K
  class space    used 7628K, committed 7808K, reserved 1048576K
}
Event: 6.212 GC heap after
{Heap after GC invocations=22 (full 0):
 garbage-first heap   total 122880K, used 57983K [0x0000000701200000, 0x0000000800000000)
  region size 2048K, 2 young (4096K), 2 survivors (4096K)
 Metaspace       used 65060K, committed 65344K, reserved 1114112K
  class space    used 7628K, committed 7808K, reserved 1048576K
}
Event: 6.778 GC heap before
{Heap before GC invocations=23 (full 0):
 garbage-first heap   total 122880K, used 88703K [0x0000000701200000, 0x0000000800000000)
  region size 2048K, 18 young (36864K), 2 survivors (4096K)
 Metaspace       used 69352K, committed 69632K, reserved 1114112K
  class space    used 8054K, committed 8192K, reserved 1048576K
}
Event: 6.787 GC heap after
{Heap after GC invocations=24 (full 0):
 garbage-first heap   total 122880K, used 60540K [0x0000000701200000, 0x0000000800000000)
  region size 2048K, 3 young (6144K), 3 survivors (6144K)
 Metaspace       used 69352K, committed 69632K, reserved 1114112K
  class space    used 8054K, committed 8192K, reserved 1048576K
}
Event: 7.266 GC heap before
{Heap before GC invocations=24 (full 0):
 garbage-first heap   total 122880K, used 93308K [0x0000000701200000, 0x0000000800000000)
  region size 2048K, 19 young (38912K), 3 survivors (6144K)
 Metaspace       used 73809K, committed 74112K, reserved 1122304K
  class space    used 8505K, committed 8640K, reserved 1048576K
}
Event: 7.280 GC heap after
{Heap after GC invocations=25 (full 0):
 garbage-first heap   total 122880K, used 63874K [0x0000000701200000, 0x0000000800000000)
  region size 2048K, 3 young (6144K), 3 survivors (6144K)
 Metaspace       used 73809K, committed 74112K, reserved 1122304K
  class space    used 8505K, committed 8640K, reserved 1048576K
}
Event: 7.937 GC heap before
{Heap before GC invocations=26 (full 0):
 garbage-first heap   total 122880K, used 94594K [0x0000000701200000, 0x0000000800000000)
  region size 2048K, 19 young (38912K), 3 survivors (6144K)
 Metaspace       used 81234K, committed 81600K, reserved 1122304K
  class space    used 9289K, committed 9472K, reserved 1048576K
}
Event: 7.949 GC heap after
{Heap after GC invocations=27 (full 0):
 garbage-first heap   total 122880K, used 66038K [0x0000000701200000, 0x0000000800000000)
  region size 2048K, 1 young (2048K), 1 survivors (2048K)
 Metaspace       used 81234K, committed 81600K, reserved 1122304K
  class space    used 9289K, committed 9472K, reserved 1048576K
}
Event: 8.011 GC heap before
{Heap before GC invocations=27 (full 0):
 garbage-first heap   total 122880K, used 68086K [0x0000000701200000, 0x0000000800000000)
  region size 2048K, 3 young (6144K), 1 survivors (2048K)
 Metaspace       used 81970K, committed 82304K, reserved 1122304K
  class space    used 9374K, committed 9536K, reserved 1048576K
}
Event: 8.029 GC heap after
{Heap after GC invocations=28 (full 0):
 garbage-first heap   total 122880K, used 66553K [0x0000000701200000, 0x0000000800000000)
  region size 2048K, 1 young (2048K), 1 survivors (2048K)
 Metaspace       used 81970K, committed 82304K, reserved 1122304K
  class space    used 9374K, committed 9536K, reserved 1048576K
}
Event: 8.206 GC heap before
{Heap before GC invocations=28 (full 0):
 garbage-first heap   total 122880K, used 97273K [0x0000000701200000, 0x0000000800000000)
  region size 2048K, 16 young (32768K), 1 survivors (2048K)
 Metaspace       used 82461K, committed 82752K, reserved 1130496K
  class space    used 9396K, committed 9536K, reserved 1048576K
}
Event: 8.214 GC heap after
{Heap after GC invocations=29 (full 0):
 garbage-first heap   total 122880K, used 70717K [0x0000000701200000, 0x0000000800000000)
  region size 2048K, 2 young (4096K), 2 survivors (4096K)
 Metaspace       used 82461K, committed 82752K, reserved 1130496K
  class space    used 9396K, committed 9536K, reserved 1048576K
}
Event: 8.587 GC heap before
{Heap before GC invocations=30 (full 0):
 garbage-first heap   total 126976K, used 97341K [0x0000000701200000, 0x0000000800000000)
  region size 2048K, 15 young (30720K), 2 survivors (4096K)
 Metaspace       used 85802K, committed 86144K, reserved 1130496K
  class space    used 9689K, committed 9856K, reserved 1048576K
}
Event: 8.596 GC heap after
{Heap after GC invocations=31 (full 0):
 garbage-first heap   total 126976K, used 71740K [0x0000000701200000, 0x0000000800000000)
  region size 2048K, 1 young (2048K), 1 survivors (2048K)
 Metaspace       used 85802K, committed 86144K, reserved 1130496K
  class space    used 9689K, committed 9856K, reserved 1048576K
}
Event: 8.685 GC heap before
{Heap before GC invocations=31 (full 0):
 garbage-first heap   total 126976K, used 73788K [0x0000000701200000, 0x0000000800000000)
  region size 2048K, 3 young (6144K), 1 survivors (2048K)
 Metaspace       used 86774K, committed 87104K, reserved 1130496K
  class space    used 9771K, committed 9920K, reserved 1048576K
}

Dll operation events (2 events):
Event: 0.004 Loaded shared library D:\Android Studio\jbr\bin\java.dll
Event: 0.921 Loaded shared library D:\Android Studio\jbr\bin\verify.dll

Deoptimization events (20 events):
Event: 8.620 Thread 0x000001fa02d56550 Uncommon trap: trap_request=0xffffff45 fr.pc=0x000001fa0f72d340 relative=0x00000000000000a0
Event: 8.620 Thread 0x000001fa02d56550 Uncommon trap: reason=unstable_if action=reinterpret pc=0x000001fa0f72d340 method=java.lang.StringLatin1.lastIndexOf([BI[BII)I @ 32 c2
Event: 8.620 Thread 0x000001fa02d56550 DEOPT PACKING pc=0x000001fa0f72d340 sp=0x000000a1639fbb20
Event: 8.620 Thread 0x000001fa02d56550 DEOPT UNPACKING pc=0x000001fa0efb69a3 sp=0x000000a1639fbaa0 mode 2
Event: 8.626 Thread 0x000001fa02d56550 Uncommon trap: trap_request=0xffffffc6 fr.pc=0x000001fa0f9913f4 relative=0x00000000000047f4
Event: 8.626 Thread 0x000001fa02d56550 Uncommon trap: reason=bimorphic_or_optimized_type_check action=maybe_recompile pc=0x000001fa0f9913f4 method=org.jetbrains.org.objectweb.asm.ClassReader.accept(Lorg/jetbrains/org/objectweb/asm/ClassVisitor;[Lorg/jetbrains/org/objectweb/asm/Attribute;I)V @ 
Event: 8.626 Thread 0x000001fa02d56550 DEOPT PACKING pc=0x000001fa0f9913f4 sp=0x000000a1639fc270
Event: 8.626 Thread 0x000001fa02d56550 DEOPT UNPACKING pc=0x000001fa0efb69a3 sp=0x000000a1639fc1d0 mode 2
Event: 8.631 Thread 0x000001fa02d56550 Uncommon trap: trap_request=0xffffffc6 fr.pc=0x000001fa0f974c24 relative=0x0000000000000e64
Event: 8.631 Thread 0x000001fa02d56550 Uncommon trap: reason=bimorphic_or_optimized_type_check action=maybe_recompile pc=0x000001fa0f974c24 method=gnu.trove.THash.postInsertHook(Z)V @ 60 c2
Event: 8.631 Thread 0x000001fa02d56550 DEOPT PACKING pc=0x000001fa0f974c24 sp=0x000000a1639fc400
Event: 8.631 Thread 0x000001fa02d56550 DEOPT UNPACKING pc=0x000001fa0efb69a3 sp=0x000000a1639fc3e8 mode 2
Event: 8.642 Thread 0x000001fa02d56550 Uncommon trap: trap_request=0xffffffc6 fr.pc=0x000001fa0f974c24 relative=0x0000000000000e64
Event: 8.642 Thread 0x000001fa02d56550 Uncommon trap: reason=bimorphic_or_optimized_type_check action=maybe_recompile pc=0x000001fa0f974c24 method=gnu.trove.THash.postInsertHook(Z)V @ 60 c2
Event: 8.642 Thread 0x000001fa02d56550 DEOPT PACKING pc=0x000001fa0f974c24 sp=0x000000a1639fda00
Event: 8.642 Thread 0x000001fa02d56550 DEOPT UNPACKING pc=0x000001fa0efb69a3 sp=0x000000a1639fd9e8 mode 2
Event: 8.668 Thread 0x000001fa02d56550 Uncommon trap: trap_request=0xffffff45 fr.pc=0x000001fa0f7ad740 relative=0x0000000000000500
Event: 8.668 Thread 0x000001fa02d56550 Uncommon trap: reason=unstable_if action=reinterpret pc=0x000001fa0f7ad740 method=java.lang.String.valueOf(Ljava/lang/Object;)Ljava/lang/String; @ 1 c2
Event: 8.668 Thread 0x000001fa02d56550 DEOPT PACKING pc=0x000001fa0f7ad740 sp=0x000000a1639fce20
Event: 8.668 Thread 0x000001fa02d56550 DEOPT UNPACKING pc=0x000001fa0efb69a3 sp=0x000000a1639fcdb8 mode 2

Classes unloaded (0 events):
No events

Classes redefined (0 events):
No events

Internal exceptions (20 events):
Event: 3.847 Thread 0x000001fa02d56550 Exception <a 'java/lang/NoSuchMethodError'{0x0000000705e3f220}: 'java.lang.Object java.lang.invoke.Invokers$Holder.linkToTargetMethod(java.lang.Object, java.lang.Object, java.lang.Object, int, java.lang.Object)'> (0x0000000705e3f220) 
thrown [s\src\hotspot\share\interpreter\linkResolver.cpp, line 771]
Event: 3.882 Thread 0x000001fa02d56550 Exception <a 'java/lang/NoSuchMethodError'{0x0000000705fefb00}: 'void java.lang.invoke.DirectMethodHandle$Holder.invokeInterface(java.lang.Object, java.lang.Object)'> (0x0000000705fefb00) 
thrown [s\src\hotspot\share\interpreter\linkResolver.cpp, line 771]
Event: 3.919 Thread 0x000001fa02d56550 Exception <a 'java/lang/IncompatibleClassChangeError'{0x0000000705d3c958}: Found class java.lang.Object, but interface was expected> (0x0000000705d3c958) 
thrown [s\src\hotspot\share\interpreter\linkResolver.cpp, line 838]
Event: 3.925 Thread 0x000001fa02d56550 Implicit null exception at 0x000001fa0f62ff4c to 0x000001fa0f630054
Event: 3.984 Thread 0x000001fa02d56550 Exception <a 'java/lang/NoSuchMethodError'{0x0000000705bddd10}: 'java.lang.Object java.lang.invoke.DirectMethodHandle$Holder.newInvokeSpecial(java.lang.Object, java.lang.Object, java.lang.Object, java.lang.Object, java.lang.Object, java.lang.Object, java.lang.Object)'> (0x0000000705bddd10) 
thrown [s\src\hotspot\share\interpreter\linkResolver.cpp, line 771]
Event: 3.984 Thread 0x000001fa02d56550 Exception <a 'java/lang/NoSuchMethodError'{0x0000000705be28c8}: 'java.lang.Object java.lang.invoke.Invokers$Holder.linkToTargetMethod(java.lang.Object, java.lang.Object, java.lang.Object, java.lang.Object, java.lang.Object, java.lang.Object, java.lang.Object)'> (0x0000000705be28c8) 
thrown [s\src\hotspot\share\interpreter\linkResolver.cpp, line 771]
Event: 4.094 Thread 0x000001fa02d56550 Exception <a 'java/lang/NoSuchMethodError'{0x00000007054e1098}: 'java.lang.Object java.lang.invoke.DirectMethodHandle$Holder.invokeInterface(java.lang.Object, java.lang.Object, java.lang.Object)'> (0x00000007054e1098) 
thrown [s\src\hotspot\share\interpreter\linkResolver.cpp, line 771]
Event: 4.095 Thread 0x000001fa02d56550 Exception <a 'java/lang/IncompatibleClassChangeError'{0x00000007054e4a08}: Found class java.lang.Object, but interface was expected> (0x00000007054e4a08) 
thrown [s\src\hotspot\share\interpreter\linkResolver.cpp, line 838]
Event: 4.236 Thread 0x000001fa02d56550 Exception <a 'java/lang/NoSuchMethodError'{0x0000000711176610}: 'int java.lang.invoke.DirectMethodHandle$Holder.invokeStaticInit(java.lang.Object, int)'> (0x0000000711176610) 
thrown [s\src\hotspot\share\interpreter\linkResolver.cpp, line 771]
Event: 5.123 Thread 0x000001fa02d56550 Exception <a 'java/lang/NoSuchMethodError'{0x000000070ebb3168}: 'java.lang.Object java.lang.invoke.DirectMethodHandle$Holder.invokeStatic(java.lang.Object, int, java.lang.Object)'> (0x000000070ebb3168) 
thrown [s\src\hotspot\share\interpreter\linkResolver.cpp, line 771]
Event: 5.731 Thread 0x000001fa02d56550 Implicit null exception at 0x000001fa0f7aa660 to 0x000001fa0f7ab61c
Event: 6.054 Thread 0x000001fa02d56550 Exception <a 'java/lang/NoSuchMethodError'{0x0000000706294078}: 'java.lang.Object java.lang.invoke.DirectMethodHandle$Holder.newInvokeSpecial(java.lang.Object, int, java.lang.Object, java.lang.Object)'> (0x0000000706294078) 
thrown [s\src\hotspot\share\interpreter\linkResolver.cpp, line 771]
Event: 6.082 Thread 0x000001fa02d56550 Implicit null exception at 0x000001fa0f9b5647 to 0x000001fa0f9b76a0
Event: 6.702 Thread 0x000001fa02d56550 Exception <a 'java/lang/NoSuchMethodError'{0x00000007073f9ad0}: 'java.lang.Object java.lang.invoke.DirectMethodHandle$Holder.invokeStaticInit(java.lang.Object, java.lang.Object, java.lang.Object, java.lang.Object)'> (0x00000007073f9ad0) 
thrown [s\src\hotspot\share\interpreter\linkResolver.cpp, line 771]
Event: 6.814 Thread 0x000001fa02d56550 Implicit null exception at 0x000001fa0f6098e0 to 0x000001fa0f60997a
Event: 6.814 Thread 0x000001fa02d56550 Implicit null exception at 0x000001fa0f560d8f to 0x000001fa0f560e09
Event: 6.831 Thread 0x000001fa02d56550 Exception <a 'java/lang/NoSuchMethodError'{0x000000070857e230}: 'java.lang.Object java.lang.invoke.DirectMethodHandle$Holder.newInvokeSpecial(java.lang.Object, java.lang.Object, java.lang.Object, int, int)'> (0x000000070857e230) 
thrown [s\src\hotspot\share\interpreter\linkResolver.cpp, line 771]
Event: 6.831 Thread 0x000001fa02d56550 Exception <a 'java/lang/NoSuchMethodError'{0x0000000708582070}: 'java.lang.Object java.lang.invoke.DirectMethodHandle$Holder.invokeSpecial(java.lang.Object, java.lang.Object, java.lang.Object, java.lang.Object, int, int)'> (0x0000000708582070) 
thrown [s\src\hotspot\share\interpreter\linkResolver.cpp, line 771]
Event: 6.866 Thread 0x000001fa02d56550 Exception <a 'java/lang/NoSuchMethodError'{0x000000070802a4b0}: 'java.lang.Object java.lang.invoke.DirectMethodHandle$Holder.invokeSpecial(java.lang.Object, java.lang.Object, int, int, java.lang.Object, java.lang.Object, java.lang.Object, java.lang.Object, java.lang.Object)'> (0x000000070802a4b0) 
thrown [s\src\hotspot\share\interpreter\linkResolver.cpp, line 771]
Event: 6.901 Thread 0x000001fa02d56550 Implicit null exception at 0x000001fa0f56ef20 to 0x000001fa0f56f1c8

VM Operations (20 events):
Event: 8.237 Executing VM operation: HandshakeAllThreads done
Event: 8.289 Executing VM operation: G1Concurrent
Event: 8.298 Executing VM operation: G1Concurrent done
Event: 8.330 Executing VM operation: G1Concurrent
Event: 8.330 Executing VM operation: G1Concurrent done
Event: 8.432 Executing VM operation: ICBufferFull
Event: 8.432 Executing VM operation: ICBufferFull done
Event: 8.475 Executing VM operation: HandshakeAllThreads
Event: 8.475 Executing VM operation: HandshakeAllThreads done
Event: 8.485 Executing VM operation: HandshakeAllThreads
Event: 8.485 Executing VM operation: HandshakeAllThreads done
Event: 8.487 Executing VM operation: HandshakeAllThreads
Event: 8.488 Executing VM operation: HandshakeAllThreads done
Event: 8.582 Executing VM operation: HandshakeAllThreads
Event: 8.583 Executing VM operation: HandshakeAllThreads done
Event: 8.586 Executing VM operation: G1CollectForAllocation
Event: 8.596 Executing VM operation: G1CollectForAllocation done
Event: 8.650 Executing VM operation: HandshakeAllThreads
Event: 8.650 Executing VM operation: HandshakeAllThreads done
Event: 8.685 Executing VM operation: G1CollectForAllocation

Events (20 events):
Event: 7.438 Thread 0x000001fa240ca610 flushing nmethod 0x000001fa09385590
Event: 7.438 Thread 0x000001fa240ca610 flushing nmethod 0x000001fa093c0490
Event: 7.438 Thread 0x000001fa240ca610 flushing nmethod 0x000001fa093c6410
Event: 7.438 Thread 0x000001fa240ca610 flushing nmethod 0x000001fa093c8290
Event: 7.438 Thread 0x000001fa240ca610 flushing nmethod 0x000001fa09428a90
Event: 7.438 Thread 0x000001fa240ca610 flushing nmethod 0x000001fa09432190
Event: 7.438 Thread 0x000001fa240ca610 flushing nmethod 0x000001fa09434610
Event: 7.439 Thread 0x000001fa240ca610 flushing nmethod 0x000001fa09468d90
Event: 7.439 Thread 0x000001fa240ca610 flushing nmethod 0x000001fa09493d10
Event: 7.439 Thread 0x000001fa240ca610 flushing nmethod 0x000001fa09496990
Event: 7.439 Thread 0x000001fa240ca610 flushing nmethod 0x000001fa0949d890
Event: 7.439 Thread 0x000001fa240ca610 flushing nmethod 0x000001fa094c8a90
Event: 7.439 Thread 0x000001fa240ca610 flushing nmethod 0x000001fa094da990
Event: 7.439 Thread 0x000001fa240ca610 flushing nmethod 0x000001fa094eab90
Event: 7.439 Thread 0x000001fa240ca610 flushing nmethod 0x000001fa094f7e90
Event: 7.439 Thread 0x000001fa240ca610 flushing nmethod 0x000001fa09586d90
Event: 8.247 Thread 0x000001fa240ca610 flushing nmethod 0x000001fa0846b390
Event: 8.257 Thread 0x000001fa240ca610 flushing nmethod 0x000001fa09365d10
Event: 8.638 loading class java/util/Vector$Itr
Event: 8.638 loading class java/util/Vector$Itr done


Dynamic libraries:
0x00007ff71e240000 - 0x00007ff71e24a000 	D:\Android Studio\jbr\bin\java.exe
0x00007ffa8cab0000 - 0x00007ffa8cca8000 	C:\WINDOWS\SYSTEM32\ntdll.dll
0x00007ffa8ad60000 - 0x00007ffa8ae1d000 	C:\WINDOWS\System32\KERNEL32.DLL
0x00007ffa8a420000 - 0x00007ffa8a716000 	C:\WINDOWS\System32\KERNELBASE.dll
0x00007ffa8a1e0000 - 0x00007ffa8a2e0000 	C:\WINDOWS\System32\ucrtbase.dll
0x00007ffa85660000 - 0x00007ffa8567b000 	D:\Android Studio\jbr\bin\VCRUNTIME140.dll
0x00007ffa70be0000 - 0x00007ffa70bf7000 	D:\Android Studio\jbr\bin\jli.dll
0x00007ffa8b8a0000 - 0x00007ffa8ba3e000 	C:\WINDOWS\System32\USER32.dll
0x00007ffa8aab0000 - 0x00007ffa8aad2000 	C:\WINDOWS\System32\win32u.dll
0x00007ffa746b0000 - 0x00007ffa7494a000 	C:\WINDOWS\WinSxS\amd64_microsoft.windows.common-controls_6595b64144ccf1df_6.0.19041.3636_none_60b6a03d71f818d5\COMCTL32.dll
0x00007ffa8bec0000 - 0x00007ffa8beeb000 	C:\WINDOWS\System32\GDI32.dll
0x00007ffa8c970000 - 0x00007ffa8ca0e000 	C:\WINDOWS\System32\msvcrt.dll
0x00007ffa8a990000 - 0x00007ffa8aaa7000 	C:\WINDOWS\System32\gdi32full.dll
0x00007ffa8a8f0000 - 0x00007ffa8a98d000 	C:\WINDOWS\System32\msvcp_win.dll
0x00007ffa8b780000 - 0x00007ffa8b7b2000 	C:\WINDOWS\System32\IMM32.DLL
0x00007ffa85770000 - 0x00007ffa8577c000 	D:\Android Studio\jbr\bin\vcruntime140_1.dll
0x00007ffa73ed0000 - 0x00007ffa73f5d000 	D:\Android Studio\jbr\bin\msvcp140.dll
0x00007ffa1f950000 - 0x00007ffa205be000 	D:\Android Studio\jbr\bin\server\jvm.dll
0x00007ffa8be10000 - 0x00007ffa8bec0000 	C:\WINDOWS\System32\ADVAPI32.dll
0x00007ffa8bef0000 - 0x00007ffa8bf90000 	C:\WINDOWS\System32\sechost.dll
0x00007ffa8af30000 - 0x00007ffa8b055000 	C:\WINDOWS\System32\RPCRT4.dll
0x00007ffa8a1b0000 - 0x00007ffa8a1d7000 	C:\WINDOWS\System32\bcrypt.dll
0x00007ffa83860000 - 0x00007ffa83869000 	C:\WINDOWS\SYSTEM32\WSOCK32.dll
0x00007ffa8bda0000 - 0x00007ffa8be0b000 	C:\WINDOWS\System32\WS2_32.dll
0x00007ffa7fa10000 - 0x00007ffa7fa37000 	C:\WINDOWS\SYSTEM32\WINMM.dll
0x00007ffa83720000 - 0x00007ffa8372a000 	C:\WINDOWS\SYSTEM32\VERSION.dll
0x00007ffa881f0000 - 0x00007ffa88202000 	C:\WINDOWS\SYSTEM32\kernel.appcore.dll
0x00007ffa85720000 - 0x00007ffa8572a000 	D:\Android Studio\jbr\bin\jimage.dll
0x00007ffa87ad0000 - 0x00007ffa87cb4000 	C:\WINDOWS\SYSTEM32\DBGHELP.DLL
0x00007ffa719a0000 - 0x00007ffa719d4000 	C:\WINDOWS\SYSTEM32\dbgcore.DLL
0x00007ffa8a390000 - 0x00007ffa8a412000 	C:\WINDOWS\System32\bcryptPrimitives.dll
0x00007ffa837b0000 - 0x00007ffa837d5000 	D:\Android Studio\jbr\bin\java.dll
0x00007ffa802d0000 - 0x00007ffa802e8000 	D:\Android Studio\jbr\bin\zip.dll
0x00007ffa8c170000 - 0x00007ffa8c8db000 	C:\WINDOWS\System32\SHELL32.dll
0x00007ffa88210000 - 0x00007ffa889ae000 	C:\WINDOWS\SYSTEM32\windows.storage.dll
0x00007ffa8ba40000 - 0x00007ffa8bd93000 	C:\WINDOWS\System32\combase.dll
0x00007ffa89ac0000 - 0x00007ffa89aee000 	C:\WINDOWS\SYSTEM32\Wldp.dll
0x00007ffa8ac90000 - 0x00007ffa8ad5d000 	C:\WINDOWS\System32\OLEAUT32.dll
0x00007ffa8bf90000 - 0x00007ffa8c03d000 	C:\WINDOWS\System32\SHCORE.dll
0x00007ffa8ae20000 - 0x00007ffa8ae75000 	C:\WINDOWS\System32\shlwapi.dll
0x00007ffa8a090000 - 0x00007ffa8a0b5000 	C:\WINDOWS\SYSTEM32\profapi.dll
0x00007ffa7d8f0000 - 0x00007ffa7d909000 	D:\Android Studio\jbr\bin\net.dll
0x00007ffa805f0000 - 0x00007ffa806fa000 	C:\WINDOWS\SYSTEM32\WINHTTP.dll
0x00007ffa89820000 - 0x00007ffa8988a000 	C:\WINDOWS\system32\mswsock.dll
0x00007ffa72020000 - 0x00007ffa72036000 	D:\Android Studio\jbr\bin\nio.dll
0x00007ffa83b30000 - 0x00007ffa83b40000 	D:\Android Studio\jbr\bin\verify.dll

dbghelp: loaded successfully - version: 4.0.5 - missing functions: none
symbol engine: initialized successfully - sym options: 0x614 - pdb path: .;D:\Android Studio\jbr\bin;C:\WINDOWS\SYSTEM32;C:\WINDOWS\WinSxS\amd64_microsoft.windows.common-controls_6595b64144ccf1df_6.0.19041.3636_none_60b6a03d71f818d5;D:\Android Studio\jbr\bin\server

VM Arguments:
java_command: org.jetbrains.kotlin.cli.jvm.K2JVMCompiler @D:\Inzynierka\HoopStats\app\build\20240404_11718427664813313349.compiler.options
java_class_path (initial): C:\Users\sbuck\.gradle\caches\modules-2\files-2.1\org.jetbrains.kotlin\kotlin-compiler-embeddable\1.9.0\2c8c3a7402becca891f12739b3e9fd2dc2adbd7a\kotlin-compiler-embeddable-1.9.0.jar;C:\Users\sbuck\.gradle\caches\modules-2\files-2.1\org.jetbrains.kotlin\kotlin-stdlib\1.9.0\8ee15ef0c67dc83d874f412d84378d7f0eb50b63\kotlin-stdlib-1.9.0.jar;C:\Users\sbuck\.gradle\caches\modules-2\files-2.1\org.jetbrains.kotlin\kotlin-script-runtime\1.9.0\4b3102cbbb7e1b58d9d1adf89563f00069ffa7d1\kotlin-script-runtime-1.9.0.jar;C:\Users\sbuck\.gradle\caches\modules-2\files-2.1\org.jetbrains.kotlin\kotlin-reflect\1.6.10\1cbe9c92c12a94eea200d23c2bbaedaf3daf5132\kotlin-reflect-1.6.10.jar;C:\Users\sbuck\.gradle\caches\modules-2\files-2.1\org.jetbrains.kotlin\kotlin-daemon-embeddable\1.9.0\186543f5e28cf8d9a0290fecc2cf34301c40a65c\kotlin-daemon-embeddable-1.9.0.jar;C:\Users\sbuck\.gradle\caches\modules-2\files-2.1\org.jetbrains.intellij.deps\trove4j\1.0.20200330\3afb14d5f9ceb459d724e907a21145e8ff394f02\trove4j-1.0.20200330.jar;C:\Users\sbuck\.gradle\caches\modules-2\files-2.1\org.jetbrains.kotlin\kotlin-stdlib-common\1.9.0\cd65c21cfd1eec4d44ef09f9f52b6d9f8a720636\kotlin-stdlib-common-1.9.0.jar;C:\Users\sbuck\.gradle\caches\modules-2\files-2.1\org.jetbrains\annotations\13.0\919f0dfe192fb4e063e7dacadee7f8bb9a2672a9\annotations-13.0.jar
Launcher Type: SUN_STANDARD

[Global flags]
     intx CICompilerCount                          = 4                                         {product} {ergonomic}
     uint ConcGCThreads                            = 2                                         {product} {ergonomic}
     uint G1ConcRefinementThreads                  = 8                                         {product} {ergonomic}
   size_t G1HeapRegionSize                         = 2097152                                   {product} {ergonomic}
    uintx GCDrainStackTargetSize                   = 64                                        {product} {ergonomic}
   size_t InitialHeapSize                          = 268435456                                 {product} {ergonomic}
   size_t MarkStackSize                            = 4194304                                   {product} {ergonomic}
   size_t MaxHeapSize                              = 4276092928                                {product} {ergonomic}
   size_t MaxNewSize                               = 2564816896                                {product} {ergonomic}
   size_t MinHeapDeltaBytes                        = 2097152                                   {product} {ergonomic}
   size_t MinHeapSize                              = 8388608                                   {product} {ergonomic}
    uintx NonNMethodCodeHeapSize                   = 5839372                                {pd product} {ergonomic}
    uintx NonProfiledCodeHeapSize                  = 122909434                              {pd product} {ergonomic}
    uintx ProfiledCodeHeapSize                     = 122909434                              {pd product} {ergonomic}
    uintx ReservedCodeCacheSize                    = 251658240                              {pd product} {ergonomic}
     bool SegmentedCodeCache                       = true                                      {product} {ergonomic}
   size_t SoftMaxHeapSize                          = 4276092928                             {manageable} {ergonomic}
     bool UseCompressedClassPointers               = true                           {product lp64_product} {ergonomic}
     bool UseCompressedOops                        = true                           {product lp64_product} {ergonomic}
     bool UseG1GC                                  = true                                      {product} {ergonomic}
     bool UseLargePagesIndividualAllocation        = false                                  {pd product} {ergonomic}

Logging:
Log output configuration:
 #0: stdout all=warning uptime,level,tags
 #1: stderr all=off uptime,level,tags

Environment Variables:
PATH=C:\ProgramData\Oracle\Java\javapath;C:\Windows\system32;C:\Windows;C:\Windows\System32\Wbem;C:\Windows\System32\WindowsPowerShell\v1.0\;C:\Windows\System32\OpenSSH\;C:\Program Files\NVIDIA Corporation\NVIDIA NvDLISR;C:\Program Files (x86)\NVIDIA Corporation\PhysX\Common;C:\WINDOWS\system32;C:\WINDOWS;C:\WINDOWS\System32\Wbem;C:\WINDOWS\System32\WindowsPowerShell\v1.0\;C:\WINDOWS\System32\OpenSSH\;D:\Git\Git\cmd;C:\ProgramData\chocolatey\bin;C:\tools\php81;D:\Putty\;C:\ProgramData\ComposerSetup\bin;C:\Program Files\symfony-cli;C:\tools\php82;D:\nvm\nvm;D:\Node_js;C:\Program Files\Mozilla Firefox;D:\Visual Studio Code\Microsoft VS Code\bin;D:\Inkscape\bin;D:\Python\Scripts;C:\Users\sbuck\AppData\Roaming\Composer\vendor\bin;D:\PhpStorm\PhpStorm 2023.2.2\bin;;D:\Java\JDK_21\bin;D:\nvm\nvm;D:\Node_js;D:\nvm\nvm\v21.2.0;
USERNAME=sbuck
OS=Windows_NT
PROCESSOR_IDENTIFIER=Intel64 Family 6 Model 158 Stepping 13, GenuineIntel
TMP=C:\Users\sbuck\AppData\Local\Temp
TEMP=C:\Users\sbuck\AppData\Local\Temp


JNI global refs:
JNI global refs: 11, weak refs: 1

JNI global refs memory usage: 843, weak refs: 841


---------------  S Y S T E M  ---------------

OS:
 Windows 10 , 64 bit Build 19041 (10.0.19041.3636)
OS uptime: 0 days 1:54 hours

CPU: total 8 (initial active 8) (4 cores per cpu, 2 threads per core) family 6 model 158 stepping 13 microcode 0xde, cx8, cmov, fxsr, ht, mmx, 3dnowpref, sse, sse2, sse3, ssse3, sse4.1, sse4.2, popcnt, lzcnt, tsc, tscinvbit, avx, avx2, aes, erms, clmul, bmi1, bmi2, adx, fma, vzeroupper, clflush, clflushopt

Memory: 4k page, system-wide physical 16304M (5322M free)
TotalPageFile size 21201M (AvailPageFile size 50M)
current process WorkingSet (physical memory assigned to process): 359M, peak: 360M
current process commit charge ("private bytes"): 396M, peak: 491M

vm_info: OpenJDK 64-Bit Server VM (17.0.6+0-b2043.56-10027231) for windows-amd64 JRE (17.0.6+0-b2043.56-10027231), built on Apr 28 2023 00:43:19 by "androidbuild" with MS VC++ 16.10 / 16.11 (VS2019)

END.
