#
# There is insufficient memory for the Java Runtime Environment to continue.
# Native memory allocation (mmap) failed to map 268435456 bytes for G1 virtual space
# Possible reasons:
#   The system is out of physical RAM or swap space
#   The process is running with CompressedOops enabled, and the Java Heap may be blocking the growth of the native heap
# Possible solutions:
#   Reduce memory load on the system
#   Increase physical memory or swap space
#   Check if swap backing store is full
#   Decrease Java heap size (-Xmx/-Xms)
#   Decrease number of Java threads
#   Decrease Java thread stack sizes (-Xss)
#   Set larger code cache with -XX:ReservedCodeCacheSize=
#   JVM is running with Zero Based Compressed Oops mode in which the Java heap is
#     placed in the first 32GB address space. The Java Heap base address is the
#     maximum limit for the native heap growth. Please use -XX:HeapBaseMinAddress
#     to set the Java Heap base and to place the Java Heap above 32GB virtual address.
# This output file may be truncated or incomplete.
#
#  Out of Memory Error (os_windows.cpp:3769), pid=244, tid=8872
#
# JRE version:  (17.0.6) (build )
# Java VM: OpenJDK 64-Bit Server VM (17.0.6+0-b2043.56-10027231, mixed mode, sharing, tiered, compressed oops, compressed class ptrs, g1 gc, windows-amd64)
# No core dump will be written. Minidumps are not enabled by default on client versions of Windows
#

---------------  S U M M A R Y ------------

Command Line: org.jetbrains.kotlin.cli.jvm.K2JVMCompiler @D:\Inzynierka\HoopStats\app\build\20240404_747801981262871087.compiler.options

Host: Intel(R) Core(TM) i5-9300HF CPU @ 2.40GHz, 8 cores, 15G,  Windows 10 , 64 bit Build 19041 (10.0.19041.3636)
Time: Thu Apr  4 01:12:34 2024  Windows 10 , 64 bit Build 19041 (10.0.19041.3636) elapsed time: 0.010314 seconds (0d 0h 0m 0s)

---------------  T H R E A D  ---------------

Current thread (0x000001a5338c1580):  JavaThread "Unknown thread" [_thread_in_vm, id=8872, stack(0x00000011b8e00000,0x00000011b8f00000)]

Stack: [0x00000011b8e00000,0x00000011b8f00000]
Native frames: (J=compiled Java code, j=interpreted, Vv=VM code, C=native code)
V  [jvm.dll+0x683c9a]
V  [jvm.dll+0x8427a4]
V  [jvm.dll+0x843f9e]
V  [jvm.dll+0x844603]
V  [jvm.dll+0x249b75]
V  [jvm.dll+0x680b69]
V  [jvm.dll+0x67505a]
V  [jvm.dll+0x309acb]
V  [jvm.dll+0x310f86]
V  [jvm.dll+0x3608ee]
V  [jvm.dll+0x360b1f]
V  [jvm.dll+0x2dfbf8]
V  [jvm.dll+0x2e0b64]
V  [jvm.dll+0x814091]
V  [jvm.dll+0x36e6a1]
V  [jvm.dll+0x7f35cc]
V  [jvm.dll+0x3f0e8f]
V  [jvm.dll+0x3f29d1]
C  [jli.dll+0x526b]
C  [ucrtbase.dll+0x21bb2]
C  [KERNEL32.DLL+0x17344]
C  [ntdll.dll+0x526b1]


---------------  P R O C E S S  ---------------

Threads class SMR info:
_java_thread_list=0x00007ffa2048c058, length=0, elements={
}

Java Threads: ( => current thread )

Other Threads:
  0x000001a53392b700 GCTaskThread "GC Thread#0" [stack: 0x00000011b8f00000,0x00000011b9000000] [id=15008]
  0x000001a53393e440 ConcurrentGCThread "G1 Main Marker" [stack: 0x00000011b9000000,0x00000011b9100000] [id=14344]
  0x000001a533940510 ConcurrentGCThread "G1 Conc#0" [stack: 0x00000011b9100000,0x00000011b9200000] [id=9428]

[error occurred during error reporting (printing all threads), id 0xc0000005, EXCEPTION_ACCESS_VIOLATION (0xc0000005) at pc=0x00007ffa1fc40797]

VM state: not at safepoint (not fully initialized)

VM Mutex/Monitor currently owned by a thread:  ([mutex/lock_event])
[0x000001a53375e430] Heap_lock - owner thread: 0x000001a5338c1580

Heap address: 0x0000000701200000, size: 4078 MB, Compressed Oops mode: Zero based, Oop shift amount: 3

CDS archive(s) mapped at: [0x0000000000000000-0x0000000000000000-0x0000000000000000), size 0, SharedBaseAddress: 0x0000000800000000, ArchiveRelocationMode: 0.
Narrow klass base: 0x0000000000000000, Narrow klass shift: 0, Narrow klass range: 0x0

GC Precious Log:
<Empty>

Heap:
 garbage-first heap   total 0K, used 0K [0x0000000701200000, 0x0000000800000000)
  region size 2048K, 0 young (0K), 0 survivors (0K)

[error occurred during error reporting (printing heap information), id 0xc0000005, EXCEPTION_ACCESS_VIOLATION (0xc0000005) at pc=0x00007ffa2002da89]

GC Heap History (0 events):
No events

Dll operation events (1 events):
Event: 0.006 Loaded shared library D:\Android Studio\jbr\bin\java.dll

Deoptimization events (0 events):
No events

Classes unloaded (0 events):
No events

Classes redefined (0 events):
No events

Internal exceptions (0 events):
No events

VM Operations (0 events):
No events

Events (0 events):
No events


Dynamic libraries:
0x00007ff71e240000 - 0x00007ff71e24a000 	D:\Android Studio\jbr\bin\java.exe
0x00007ffa8cab0000 - 0x00007ffa8cca8000 	C:\WINDOWS\SYSTEM32\ntdll.dll
0x00007ffa8ad60000 - 0x00007ffa8ae1d000 	C:\WINDOWS\System32\KERNEL32.DLL
0x00007ffa8a420000 - 0x00007ffa8a716000 	C:\WINDOWS\System32\KERNELBASE.dll
0x00007ffa8a1e0000 - 0x00007ffa8a2e0000 	C:\WINDOWS\System32\ucrtbase.dll
0x00007ffa70be0000 - 0x00007ffa70bf7000 	D:\Android Studio\jbr\bin\jli.dll
0x00007ffa85660000 - 0x00007ffa8567b000 	D:\Android Studio\jbr\bin\VCRUNTIME140.dll
0x00007ffa8b8a0000 - 0x00007ffa8ba3e000 	C:\WINDOWS\System32\USER32.dll
0x00007ffa8aab0000 - 0x00007ffa8aad2000 	C:\WINDOWS\System32\win32u.dll
0x00007ffa746b0000 - 0x00007ffa7494a000 	C:\WINDOWS\WinSxS\amd64_microsoft.windows.common-controls_6595b64144ccf1df_6.0.19041.3636_none_60b6a03d71f818d5\COMCTL32.dll
0x00007ffa8bec0000 - 0x00007ffa8beeb000 	C:\WINDOWS\System32\GDI32.dll
0x00007ffa8c970000 - 0x00007ffa8ca0e000 	C:\WINDOWS\System32\msvcrt.dll
0x00007ffa8a990000 - 0x00007ffa8aaa7000 	C:\WINDOWS\System32\gdi32full.dll
0x00007ffa8a8f0000 - 0x00007ffa8a98d000 	C:\WINDOWS\System32\msvcp_win.dll
0x00007ffa8b780000 - 0x00007ffa8b7b2000 	C:\WINDOWS\System32\IMM32.DLL
0x00007ffa85770000 - 0x00007ffa8577c000 	D:\Android Studio\jbr\bin\vcruntime140_1.dll
0x00007ffa73ed0000 - 0x00007ffa73f5d000 	D:\Android Studio\jbr\bin\msvcp140.dll
0x00007ffa1f950000 - 0x00007ffa205be000 	D:\Android Studio\jbr\bin\server\jvm.dll
0x00007ffa8be10000 - 0x00007ffa8bec0000 	C:\WINDOWS\System32\ADVAPI32.dll
0x00007ffa8bef0000 - 0x00007ffa8bf90000 	C:\WINDOWS\System32\sechost.dll
0x00007ffa8af30000 - 0x00007ffa8b055000 	C:\WINDOWS\System32\RPCRT4.dll
0x00007ffa8a1b0000 - 0x00007ffa8a1d7000 	C:\WINDOWS\System32\bcrypt.dll
0x00007ffa83860000 - 0x00007ffa83869000 	C:\WINDOWS\SYSTEM32\WSOCK32.dll
0x00007ffa7fa10000 - 0x00007ffa7fa37000 	C:\WINDOWS\SYSTEM32\WINMM.dll
0x00007ffa83720000 - 0x00007ffa8372a000 	C:\WINDOWS\SYSTEM32\VERSION.dll
0x00007ffa8bda0000 - 0x00007ffa8be0b000 	C:\WINDOWS\System32\WS2_32.dll
0x00007ffa881f0000 - 0x00007ffa88202000 	C:\WINDOWS\SYSTEM32\kernel.appcore.dll
0x00007ffa85720000 - 0x00007ffa8572a000 	D:\Android Studio\jbr\bin\jimage.dll
0x00007ffa87ad0000 - 0x00007ffa87cb4000 	C:\WINDOWS\SYSTEM32\DBGHELP.DLL
0x00007ffa719a0000 - 0x00007ffa719d4000 	C:\WINDOWS\SYSTEM32\dbgcore.DLL
0x00007ffa8a390000 - 0x00007ffa8a412000 	C:\WINDOWS\System32\bcryptPrimitives.dll
0x00007ffa837b0000 - 0x00007ffa837d5000 	D:\Android Studio\jbr\bin\java.dll

dbghelp: loaded successfully - version: 4.0.5 - missing functions: none
symbol engine: initialized successfully - sym options: 0x614 - pdb path: .;D:\Android Studio\jbr\bin;C:\WINDOWS\SYSTEM32;C:\WINDOWS\WinSxS\amd64_microsoft.windows.common-controls_6595b64144ccf1df_6.0.19041.3636_none_60b6a03d71f818d5;D:\Android Studio\jbr\bin\server

VM Arguments:
java_command: org.jetbrains.kotlin.cli.jvm.K2JVMCompiler @D:\Inzynierka\HoopStats\app\build\20240404_747801981262871087.compiler.options
java_class_path (initial): C:\Users\sbuck\.gradle\caches\modules-2\files-2.1\org.jetbrains.kotlin\kotlin-compiler-embeddable\1.9.0\2c8c3a7402becca891f12739b3e9fd2dc2adbd7a\kotlin-compiler-embeddable-1.9.0.jar;C:\Users\sbuck\.gradle\caches\modules-2\files-2.1\org.jetbrains.kotlin\kotlin-stdlib\1.9.0\8ee15ef0c67dc83d874f412d84378d7f0eb50b63\kotlin-stdlib-1.9.0.jar;C:\Users\sbuck\.gradle\caches\modules-2\files-2.1\org.jetbrains.kotlin\kotlin-script-runtime\1.9.0\4b3102cbbb7e1b58d9d1adf89563f00069ffa7d1\kotlin-script-runtime-1.9.0.jar;C:\Users\sbuck\.gradle\caches\modules-2\files-2.1\org.jetbrains.kotlin\kotlin-reflect\1.6.10\1cbe9c92c12a94eea200d23c2bbaedaf3daf5132\kotlin-reflect-1.6.10.jar;C:\Users\sbuck\.gradle\caches\modules-2\files-2.1\org.jetbrains.kotlin\kotlin-daemon-embeddable\1.9.0\186543f5e28cf8d9a0290fecc2cf34301c40a65c\kotlin-daemon-embeddable-1.9.0.jar;C:\Users\sbuck\.gradle\caches\modules-2\files-2.1\org.jetbrains.intellij.deps\trove4j\1.0.20200330\3afb14d5f9ceb459d724e907a21145e8ff394f02\trove4j-1.0.20200330.jar;C:\Users\sbuck\.gradle\caches\modules-2\files-2.1\org.jetbrains.kotlin\kotlin-stdlib-common\1.9.0\cd65c21cfd1eec4d44ef09f9f52b6d9f8a720636\kotlin-stdlib-common-1.9.0.jar;C:\Users\sbuck\.gradle\caches\modules-2\files-2.1\org.jetbrains\annotations\13.0\919f0dfe192fb4e063e7dacadee7f8bb9a2672a9\annotations-13.0.jar
Launcher Type: SUN_STANDARD

[Global flags]
     intx CICompilerCount                          = 4                                         {product} {ergonomic}
     uint ConcGCThreads                            = 2                                         {product} {ergonomic}
     uint G1ConcRefinementThreads                  = 8                                         {product} {ergonomic}
   size_t G1HeapRegionSize                         = 2097152                                   {product} {ergonomic}
    uintx GCDrainStackTargetSize                   = 64                                        {product} {ergonomic}
   size_t InitialHeapSize                          = 268435456                                 {product} {ergonomic}
   size_t MarkStackSize                            = 4194304                                   {product} {ergonomic}
   size_t MaxHeapSize                              = 4276092928                                {product} {ergonomic}
   size_t MinHeapDeltaBytes                        = 2097152                                   {product} {ergonomic}
   size_t MinHeapSize                              = 8388608                                   {product} {ergonomic}
    uintx NonNMethodCodeHeapSize                   = 5839372                                {pd product} {ergonomic}
    uintx NonProfiledCodeHeapSize                  = 122909434                              {pd product} {ergonomic}
    uintx ProfiledCodeHeapSize                     = 122909434                              {pd product} {ergonomic}
    uintx ReservedCodeCacheSize                    = 251658240                              {pd product} {ergonomic}
     bool SegmentedCodeCache                       = true                                      {product} {ergonomic}
   size_t SoftMaxHeapSize                          = 4276092928                             {manageable} {ergonomic}
     bool UseCompressedClassPointers               = true                           {product lp64_product} {ergonomic}
     bool UseCompressedOops                        = true                           {product lp64_product} {ergonomic}
     bool UseG1GC                                  = true                                      {product} {ergonomic}
     bool UseLargePagesIndividualAllocation        = false                                  {pd product} {ergonomic}

Logging:
Log output configuration:
 #0: stdout all=warning uptime,level,tags
 #1: stderr all=off uptime,level,tags

Environment Variables:
PATH=C:\ProgramData\Oracle\Java\javapath;C:\Windows\system32;C:\Windows;C:\Windows\System32\Wbem;C:\Windows\System32\WindowsPowerShell\v1.0\;C:\Windows\System32\OpenSSH\;C:\Program Files\NVIDIA Corporation\NVIDIA NvDLISR;C:\Program Files (x86)\NVIDIA Corporation\PhysX\Common;C:\WINDOWS\system32;C:\WINDOWS;C:\WINDOWS\System32\Wbem;C:\WINDOWS\System32\WindowsPowerShell\v1.0\;C:\WINDOWS\System32\OpenSSH\;D:\Git\Git\cmd;C:\ProgramData\chocolatey\bin;C:\tools\php81;D:\Putty\;C:\ProgramData\ComposerSetup\bin;C:\Program Files\symfony-cli;C:\tools\php82;D:\nvm\nvm;D:\Node_js;C:\Program Files\Mozilla Firefox;D:\Visual Studio Code\Microsoft VS Code\bin;D:\Inkscape\bin;D:\Python\Scripts;C:\Users\sbuck\AppData\Roaming\Composer\vendor\bin;D:\PhpStorm\PhpStorm 2023.2.2\bin;;D:\Java\JDK_21\bin;D:\nvm\nvm;D:\Node_js;D:\nvm\nvm\v21.2.0;
USERNAME=sbuck
OS=Windows_NT
PROCESSOR_IDENTIFIER=Intel64 Family 6 Model 158 Stepping 13, GenuineIntel
TMP=C:\Users\sbuck\AppData\Local\Temp
TEMP=C:\Users\sbuck\AppData\Local\Temp


JNI global refs:

[error occurred during error reporting (JNI global references), id 0xc0000005, EXCEPTION_ACCESS_VIOLATION (0xc0000005) at pc=0x00007ffa1fa07a10]


---------------  S Y S T E M  ---------------

OS:
 Windows 10 , 64 bit Build 19041 (10.0.19041.3636)
OS uptime: 0 days 1:51 hours

CPU: total 8 (initial active 8) (4 cores per cpu, 2 threads per core) family 6 model 158 stepping 13 microcode 0xde, cx8, cmov, fxsr, ht, mmx, 3dnowpref, sse, sse2, sse3, ssse3, sse4.1, sse4.2, popcnt, lzcnt, tsc, tscinvbit, avx, avx2, aes, erms, clmul, bmi1, bmi2, adx, fma, vzeroupper, clflush, clflushopt

Memory: 4k page, system-wide physical 16304M (5359M free)
TotalPageFile size 21201M (AvailPageFile size 232M)
current process WorkingSet (physical memory assigned to process): 10M, peak: 10M
current process commit charge ("private bytes"): 60M, peak: 316M

vm_info: OpenJDK 64-Bit Server VM (17.0.6+0-b2043.56-10027231) for windows-amd64 JRE (17.0.6+0-b2043.56-10027231), built on Apr 28 2023 00:43:19 by "androidbuild" with MS VC++ 16.10 / 16.11 (VS2019)

END.
